TpTrace Information: 0 : 15520, 1, 2021/01/05, 13:59:22.700, 731080201325, datacollector.dll, DataCollectorMain.Run: Starting data collector run with args: --port,58696,--parentprocessid,17428,--diag,G:\DotNet\Test\Saas\codingchallenge-master\ConstructionLine.CodingChallenge\ConstructionLine.CodingChallenge.Tests\bin\Debug\netcoreapp3.1\fine-code-coverage\diagnostics.datacollector.21-01-05_13-59-22_60631_4.log,--tracelevel,4
TpTrace Information: 0 : 15520, 1, 2021/01/05, 13:59:22.705, 731080220288, datacollector.dll, DataCollector: Monitoring parent process with id: '17428'
TpTrace Information: 0 : 15520, 1, 2021/01/05, 13:59:22.712, 731080287859, datacollector.dll, Trying to connect to server on socket : 127.0.0.1:58696 
TpTrace Verbose: 0 : 15520, 1, 2021/01/05, 13:59:22.724, 731080404692, datacollector.dll, SocketCommunicationManager : SetupClientAsync : Attempting to connect to the server.
TpTrace Information: 0 : 15520, 7, 2021/01/05, 13:59:22.734, 731080506460, datacollector.dll, Connected to the server successfully 
TpTrace Information: 0 : 15520, 7, 2021/01/05, 13:59:22.734, 731080507502, datacollector.dll, Using the buffer size of 16384 bytes
TpTrace Information: 0 : 15520, 1, 2021/01/05, 13:59:22.791, 731081076517, datacollector.dll, DataCollector: Start Request Processing.
TpTrace Information: 0 : 15520, 1, 2021/01/05, 13:59:22.794, 731081105065, datacollector.dll, DataCollectionRequestHandler.ProcessRequests : Datacollector received message: (DataCollection.BeforeTestRunStart) -> {
  "SettingsXml": "<RunSettings><RunConfiguration><ResultsDirectory>G:\\DotNet\\Test\\Saas\\codingchallenge-master\\ConstructionLine.CodingChallenge\\ConstructionLine.CodingChallenge.Tests\\bin\\Debug\\netcoreapp3.1\\fine-code-coverage</ResultsDirectory><TargetPlatform>X64</TargetPlatform><TargetFrameworkVersion>.NETCoreApp,Version=v3.1</TargetFrameworkVersion><DesignMode>False</DesignMode><CollectSourceInformation>False</CollectSourceInformation><TestAdaptersPaths>C:\\Program Files\\dotnet\\sdk\\3.1.403\\Extensions</TestAdaptersPaths></RunConfiguration><LoggerRunSettings><Loggers><Logger friendlyName=\"blame\" enabled=\"True\" /><Logger friendlyName=\"Console\" uri=\"logger://microsoft/TestPlatform/ConsoleLogger/v1\" assemblyQualifiedName=\"Microsoft.VisualStudio.TestPlatform.CommandLine.Internal.ConsoleLogger, vstest.console, Version=15.0.0.0, Culture=neutral, PublicKeyToken=b03f5f7f11d50a3a\" codeBase=\"C:\\Program Files\\dotnet\\sdk\\3.1.403\\vstest.console.dll\" enabled=\"True\" /></Loggers></LoggerRunSettings><DataCollectionRunSettings><DataCollectors><DataCollector friendlyName=\"blame\" enabled=\"True\"><Configuration><ResultsDirectory>G:\\DotNet\\Test\\Saas\\codingchallenge-master\\ConstructionLine.CodingChallenge\\ConstructionLine.CodingChallenge.Tests\\bin\\Debug\\netcoreapp3.1\\fine-code-coverage</ResultsDirectory></Configuration></DataCollector></DataCollectors></DataCollectionRunSettings></RunSettings>",
  "Sources": [
    "G:\\DotNet\\Test\\Saas\\codingchallenge-master\\ConstructionLine.CodingChallenge\\ConstructionLine.CodingChallenge.Tests\\bin\\Debug\\netcoreapp3.1\\ConstructionLine.CodingChallenge.Tests.dll"
  ]
}
TpTrace Verbose: 0 : 15520, 1, 2021/01/05, 13:59:22.830, 731081468067, datacollector.dll, TestPluginCache: Update extensions started. Skip filter = False
TpTrace Verbose: 0 : 15520, 1, 2021/01/05, 13:59:22.830, 731081473852, datacollector.dll, TestPluginCache: Using directories for assembly resolution 'C:\Program Files\dotnet\sdk\3.1.403\Extensions'.
TpTrace Verbose: 0 : 15520, 1, 2021/01/05, 13:59:22.830, 731081474397, datacollector.dll, TestPluginCache: Updated the available extensions to 'C:\Program Files\dotnet\sdk\3.1.403\Extensions\Microsoft.TestPlatform.Extensions.BlameDataCollector.dll,C:\Program Files\dotnet\sdk\3.1.403\Extensions\Microsoft.TestPlatform.Extensions.EventLogCollector.dll'.
TpTrace Verbose: 0 : 15520, 1, 2021/01/05, 13:59:22.835, 731081522900, datacollector.dll, TestPluginCache.DiscoverTestExtensions: finding test extensions in assemblies ends with: Collector.dll TPluginInfo: Microsoft.VisualStudio.TestPlatform.Common.DataCollector.DataCollectorConfig TExtension: Microsoft.VisualStudio.TestPlatform.ObjectModel.DataCollection.DataCollector
TpTrace Verbose: 0 : 15520, 1, 2021/01/05, 13:59:22.836, 731081524716, datacollector.dll, TestPluginCache.GetExtensionPaths: Filtered extension paths: C:\Program Files\dotnet\sdk\3.1.403\Extensions\Microsoft.TestPlatform.Extensions.BlameDataCollector.dll
C:\Program Files\dotnet\sdk\3.1.403\Extensions\Microsoft.TestPlatform.Extensions.EventLogCollector.dll
TpTrace Verbose: 0 : 15520, 1, 2021/01/05, 13:59:22.836, 731081525159, datacollector.dll, TestPluginCache.GetExtensionPaths: Added default extension paths: 
TpTrace Verbose: 0 : 15520, 1, 2021/01/05, 13:59:22.836, 731081525511, datacollector.dll, TestPluginCache.GetExtensionPaths: Added unfilterableExtensionPaths: 
TpTrace Information: 0 : 15520, 1, 2021/01/05, 13:59:22.836, 731081530180, datacollector.dll, AssemblyResolver.ctor: Creating AssemblyResolver with searchDirectories C:\Program Files\dotnet\sdk\3.1.403\Extensions,C:\Program Files\dotnet\sdk\3.1.403
TpTrace Verbose: 0 : 15520, 1, 2021/01/05, 13:59:22.837, 731081540643, datacollector.dll, TestPluginCache.DiscoverTestExtensions: Discovering the extensions using extension path.
TpTrace Verbose: 0 : 15520, 1, 2021/01/05, 13:59:22.837, 731081541675, datacollector.dll, TestPluginCache.GetExtensionPaths: Filtered extension paths: C:\Program Files\dotnet\sdk\3.1.403\Extensions\Microsoft.TestPlatform.Extensions.BlameDataCollector.dll
C:\Program Files\dotnet\sdk\3.1.403\Extensions\Microsoft.TestPlatform.Extensions.EventLogCollector.dll
TpTrace Verbose: 0 : 15520, 1, 2021/01/05, 13:59:22.837, 731081542039, datacollector.dll, TestPluginCache.GetExtensionPaths: Added default extension paths: 
TpTrace Verbose: 0 : 15520, 1, 2021/01/05, 13:59:22.837, 731081542387, datacollector.dll, TestPluginCache.GetExtensionPaths: Added unfilterableExtensionPaths: 
TpTrace Verbose: 0 : 15520, 1, 2021/01/05, 13:59:22.837, 731081542846, datacollector.dll, TestPluginCache.DiscoverTestExtensions: Discovering the extensions using allExtensionPaths: C:\Program Files\dotnet\sdk\3.1.403\Extensions\Microsoft.TestPlatform.Extensions.BlameDataCollector.dll
C:\Program Files\dotnet\sdk\3.1.403\Extensions\Microsoft.TestPlatform.Extensions.EventLogCollector.dll
TpTrace Information: 0 : 15520, 1, 2021/01/05, 13:59:22.837, 731081543702, datacollector.dll, AssemblyResolver.AddSearchDirectories: Adding more searchDirectories C:\Program Files\dotnet\sdk\3.1.403\Extensions,C:\Program Files\dotnet\sdk\3.1.403
TpTrace Information: 0 : 15520, 1, 2021/01/05, 13:59:22.837, 731081544247, datacollector.dll, AssemblyResolver.AddSearchDirectories: Adding more searchDirectories C:\Program Files\dotnet\sdk\3.1.403\Extensions,C:\Program Files\dotnet\sdk\3.1.403
TpTrace Information: 0 : 15520, 1, 2021/01/05, 13:59:22.838, 731081547418, datacollector.dll, AssemblyResolver.OnResolve: Microsoft.TestPlatform.Extensions.BlameDataCollector: Resolving assembly.
TpTrace Information: 0 : 15520, 1, 2021/01/05, 13:59:22.839, 731081558106, datacollector.dll, AssemblyResolver.OnResolve: Resolved assembly: Microsoft.TestPlatform.Extensions.BlameDataCollector, from path: C:\Program Files\dotnet\sdk\3.1.403\Extensions\Microsoft.TestPlatform.Extensions.BlameDataCollector.dll
TpTrace Error: 0 : 15520, 1, 2021/01/05, 13:59:22.840, 731081564828, datacollector.dll, The type "Microsoft.TestPlatform.Extensions.BlameDataCollector.BlameCollector" defined in "Microsoft.TestPlatform.Extensions.BlameDataCollector.dll" does not have ExtensionUri attribute.
TpTrace Information: 0 : 15520, 1, 2021/01/05, 13:59:22.840, 731081569384, datacollector.dll, AssemblyResolver.OnResolve: Microsoft.TestPlatform.Extensions.EventLogCollector: Resolving assembly.
TpTrace Information: 0 : 15520, 1, 2021/01/05, 13:59:22.841, 731081577424, datacollector.dll, AssemblyResolver.OnResolve: Resolved assembly: Microsoft.TestPlatform.Extensions.EventLogCollector, from path: C:\Program Files\dotnet\sdk\3.1.403\Extensions\Microsoft.TestPlatform.Extensions.EventLogCollector.dll
TpTrace Error: 0 : 15520, 1, 2021/01/05, 13:59:22.843, 731081594998, datacollector.dll, The type "Microsoft.TestPlatform.Extensions.EventLogCollector.EventLogDataCollector" defined in "Microsoft.TestPlatform.Extensions.EventLogCollector.dll" does not have ExtensionUri attribute.
TpTrace Verbose: 0 : 15520, 1, 2021/01/05, 13:59:22.843, 731081597209, datacollector.dll, TestPluginCache: Discovered the extensions using extension path 'C:\Program Files\dotnet\sdk\3.1.403\Extensions\Microsoft.TestPlatform.Extensions.BlameDataCollector.dll,C:\Program Files\dotnet\sdk\3.1.403\Extensions\Microsoft.TestPlatform.Extensions.EventLogCollector.dll'.
TpTrace Verbose: 0 : 15520, 1, 2021/01/05, 13:59:22.843, 731081597657, datacollector.dll, TestPluginCache: Discoverers are ''.
TpTrace Verbose: 0 : 15520, 1, 2021/01/05, 13:59:22.843, 731081597975, datacollector.dll, TestPluginCache: Executors are ''.
TpTrace Verbose: 0 : 15520, 1, 2021/01/05, 13:59:22.843, 731081598226, datacollector.dll, TestPluginCache: Executors2 are ''.
TpTrace Verbose: 0 : 15520, 1, 2021/01/05, 13:59:22.843, 731081598460, datacollector.dll, TestPluginCache: Setting providers are ''.
TpTrace Verbose: 0 : 15520, 1, 2021/01/05, 13:59:22.843, 731081598692, datacollector.dll, TestPluginCache: Loggers are ''.
TpTrace Information: 0 : 15520, 1, 2021/01/05, 13:59:22.844, 731081608160, datacollector.dll, TestPluginManager.CreateTestExtension: Attempting to load test extension: Microsoft.TestPlatform.Extensions.BlameDataCollector.BlameCollector
TpTrace Error: 0 : 15520, 1, 2021/01/05, 13:59:22.844, 731081609178, datacollector.dll, The type "Microsoft.TestPlatform.Extensions.BlameDataCollector.BlameCollector" defined in "Microsoft.TestPlatform.Extensions.BlameDataCollector.dll" does not have ExtensionUri attribute.
TpTrace Information: 0 : 15520, 1, 2021/01/05, 13:59:22.848, 731081653831, datacollector.dll, Listening on Endpoint : 127.0.0.1:58698
TpTrace Information: 0 : 15520, 1, 2021/01/05, 13:59:22.853, 731081700080, datacollector.dll, DataCollectionRequestHandler.ProcessRequests : DataCollection started.
TpTrace Information: 0 : 15520, 1, 2021/01/05, 13:59:22.882, 731081989495, datacollector.dll, DataCollectionRequestHandler.ProcessRequests : Datacollector received message: (DataCollection.TestHostLaunched) -> {
  "ProcessId": 26676
}
TpTrace Information: 0 : 15520, 5, 2021/01/05, 13:59:23.014, 731083309265, datacollector.dll, Using the buffer size of 16384 bytes
TpTrace Information: 0 : 15520, 5, 2021/01/05, 13:59:23.014, 731083310809, datacollector.dll, Accepted Client request and set the flag
TpTrace Information: 0 : 15520, 7, 2021/01/05, 13:59:23.480, 731087966693, datacollector.dll, DataCollectionTestCaseEventHandler: Test case starting.
TpTrace Information: 0 : 15520, 7, 2021/01/05, 13:59:23.487, 731088042883, datacollector.dll, Blame Collector : Test Case Start
TpTrace Information: 0 : 15520, 7, 2021/01/05, 13:59:23.488, 731088046128, datacollector.dll, DataCollectionTestCaseEventHandler: Test case 'PerformanceTest - 6ae961fc-d068-6312-59eb-4ce88915f78d' started.
TpTrace Information: 0 : 15520, 7, 2021/01/05, 13:59:23.533, 731088498461, datacollector.dll, DataCollectionTestCaseEventHandler : Test case completing.
TpTrace Information: 0 : 15520, 7, 2021/01/05, 13:59:23.535, 731088522377, datacollector.dll, Blame Collector : Test Case End
TpTrace Error: 0 : 15520, 7, 2021/01/05, 13:59:23.548, 731088645519, datacollector.dll, DataCollectionAttachmentManager.GetAttachments: Fail to get attachments: System.Collections.Generic.KeyNotFoundException: The given key 'Microsoft.VisualStudio.TestPlatform.ObjectModel.DataCollection.DataCollectionContext' was not present in the dictionary.
   at System.Collections.Generic.Dictionary`2.get_Item(TKey key)
   at Microsoft.VisualStudio.TestPlatform.Common.DataCollector.DataCollectionAttachmentManager.GetAttachments(DataCollectionContext dataCollectionContext) 
TpTrace Information: 0 : 15520, 7, 2021/01/05, 13:59:23.550, 731088665883, datacollector.dll, DataCollectionTestCaseEventHandler: Test case 'PerformanceTest - 6ae961fc-d068-6312-59eb-4ce88915f78d' completed
TpTrace Information: 0 : 15520, 7, 2021/01/05, 13:59:23.563, 731088803377, datacollector.dll, DataCollectionTestCaseEventHandler: Test case starting.
TpTrace Information: 0 : 15520, 7, 2021/01/05, 13:59:23.564, 731088805355, datacollector.dll, Blame Collector : Test Case Start
TpTrace Information: 0 : 15520, 7, 2021/01/05, 13:59:23.564, 731088806324, datacollector.dll, DataCollectionTestCaseEventHandler: Test case 'Ensure_SearchEngineContructor_Returns_ArgumentNullException_When_InputIsNull - c7eccc7e-d782-9f2b-9b2f-7d2f11cc3aa5' started.
TpTrace Information: 0 : 15520, 7, 2021/01/05, 13:59:23.564, 731088811649, datacollector.dll, DataCollectionTestCaseEventHandler : Test case completing.
TpTrace Information: 0 : 15520, 7, 2021/01/05, 13:59:23.564, 731088813176, datacollector.dll, Blame Collector : Test Case End
TpTrace Error: 0 : 15520, 7, 2021/01/05, 13:59:23.565, 731088814816, datacollector.dll, DataCollectionAttachmentManager.GetAttachments: Fail to get attachments: System.Collections.Generic.KeyNotFoundException: The given key 'Microsoft.VisualStudio.TestPlatform.ObjectModel.DataCollection.DataCollectionContext' was not present in the dictionary.
   at System.Collections.Generic.Dictionary`2.get_Item(TKey key)
   at Microsoft.VisualStudio.TestPlatform.Common.DataCollector.DataCollectionAttachmentManager.GetAttachments(DataCollectionContext dataCollectionContext) 
TpTrace Information: 0 : 15520, 7, 2021/01/05, 13:59:23.565, 731088815792, datacollector.dll, DataCollectionTestCaseEventHandler: Test case 'Ensure_SearchEngineContructor_Returns_ArgumentNullException_When_InputIsNull - c7eccc7e-d782-9f2b-9b2f-7d2f11cc3aa5' completed
TpTrace Information: 0 : 15520, 7, 2021/01/05, 13:59:23.565, 731088821351, datacollector.dll, DataCollectionTestCaseEventHandler: Test case starting.
TpTrace Information: 0 : 15520, 7, 2021/01/05, 13:59:23.565, 731088822829, datacollector.dll, Blame Collector : Test Case Start
TpTrace Information: 0 : 15520, 7, 2021/01/05, 13:59:23.565, 731088823572, datacollector.dll, DataCollectionTestCaseEventHandler: Test case 'Ensure_SearchMethod_Returns_ArgumentNullException_When_InputIsNull - 454f51c1-e3e3-5b08-0534-e4d07c2dbbd0' started.
TpTrace Information: 0 : 15520, 7, 2021/01/05, 13:59:23.566, 731088828084, datacollector.dll, DataCollectionTestCaseEventHandler : Test case completing.
TpTrace Information: 0 : 15520, 7, 2021/01/05, 13:59:23.566, 731088829532, datacollector.dll, Blame Collector : Test Case End
TpTrace Error: 0 : 15520, 7, 2021/01/05, 13:59:23.566, 731088830495, datacollector.dll, DataCollectionAttachmentManager.GetAttachments: Fail to get attachments: System.Collections.Generic.KeyNotFoundException: The given key 'Microsoft.VisualStudio.TestPlatform.ObjectModel.DataCollection.DataCollectionContext' was not present in the dictionary.
   at System.Collections.Generic.Dictionary`2.get_Item(TKey key)
   at Microsoft.VisualStudio.TestPlatform.Common.DataCollector.DataCollectionAttachmentManager.GetAttachments(DataCollectionContext dataCollectionContext) 
TpTrace Information: 0 : 15520, 7, 2021/01/05, 13:59:23.566, 731088831325, datacollector.dll, DataCollectionTestCaseEventHandler: Test case 'Ensure_SearchMethod_Returns_ArgumentNullException_When_InputIsNull - 454f51c1-e3e3-5b08-0534-e4d07c2dbbd0' completed
TpTrace Information: 0 : 15520, 7, 2021/01/05, 13:59:23.567, 731088838051, datacollector.dll, DataCollectionTestCaseEventHandler: Test case starting.
TpTrace Information: 0 : 15520, 7, 2021/01/05, 13:59:23.567, 731088839647, datacollector.dll, Blame Collector : Test Case Start
TpTrace Information: 0 : 15520, 7, 2021/01/05, 13:59:23.567, 731088840479, datacollector.dll, DataCollectionTestCaseEventHandler: Test case 'Test - ee4082c1-0c01-4deb-f768-fc464eb6092c' started.
TpTrace Information: 0 : 15520, 7, 2021/01/05, 13:59:23.568, 731088846536, datacollector.dll, DataCollectionTestCaseEventHandler : Test case completing.
TpTrace Information: 0 : 15520, 7, 2021/01/05, 13:59:23.568, 731088848043, datacollector.dll, Blame Collector : Test Case End
TpTrace Error: 0 : 15520, 7, 2021/01/05, 13:59:23.568, 731088849159, datacollector.dll, DataCollectionAttachmentManager.GetAttachments: Fail to get attachments: System.Collections.Generic.KeyNotFoundException: The given key 'Microsoft.VisualStudio.TestPlatform.ObjectModel.DataCollection.DataCollectionContext' was not present in the dictionary.
   at System.Collections.Generic.Dictionary`2.get_Item(TKey key)
   at Microsoft.VisualStudio.TestPlatform.Common.DataCollector.DataCollectionAttachmentManager.GetAttachments(DataCollectionContext dataCollectionContext) 
TpTrace Information: 0 : 15520, 7, 2021/01/05, 13:59:23.568, 731088850061, datacollector.dll, DataCollectionTestCaseEventHandler: Test case 'Test - ee4082c1-0c01-4deb-f768-fc464eb6092c' completed
TpTrace Information: 0 : 15520, 7, 2021/01/05, 13:59:23.580, 731088972980, datacollector.dll, DataCollectionTestCaseEventHandler: Test session ended
TpTrace Information: 0 : 15520, 1, 2021/01/05, 13:59:23.661, 731089776369, datacollector.dll, DataCollectionRequestHandler.ProcessRequests : Datacollector received message: (DataCollection.AfterTestRunEnd) -> false
TpTrace Information: 0 : 15520, 1, 2021/01/05, 13:59:23.661, 731089781383, datacollector.dll, Blame Collector : Session End
TpTrace Error: 0 : 15520, 1, 2021/01/05, 13:59:23.661, 731089782989, datacollector.dll, DataCollectionAttachmentManager.GetAttachments: Fail to get attachments: System.Collections.Generic.KeyNotFoundException: The given key 'Microsoft.VisualStudio.TestPlatform.ObjectModel.DataCollection.DataCollectionContext' was not present in the dictionary.
   at System.Collections.Generic.Dictionary`2.get_Item(TKey key)
   at Microsoft.VisualStudio.TestPlatform.Common.DataCollector.DataCollectionAttachmentManager.GetAttachments(DataCollectionContext dataCollectionContext) 
TpTrace Information: 0 : 15520, 1, 2021/01/05, 13:59:23.661, 731089783553, datacollector.dll, DataCollectionManager.CleanupPlugins: CleanupPlugins called
TpTrace Verbose: 0 : 15520, 1, 2021/01/05, 13:59:23.661, 731089783961, datacollector.dll, DataCollectionManager.CleanupPlugins: Cleaning up 1 plugins
TpTrace Verbose: 0 : 15520, 1, 2021/01/05, 13:59:23.662, 731089784698, datacollector.dll, dataCollectorInfo.DisposeDataCollector: calling Dispose() on Microsoft.TestPlatform.Extensions.BlameDataCollector.BlameCollector
TpTrace Information: 0 : 15520, 1, 2021/01/05, 13:59:23.662, 731089785274, datacollector.dll, DataCollectionManager.CleanupPlugins: CleanupPlugins finished
TpTrace Information: 0 : 15520, 1, 2021/01/05, 13:59:23.662, 731089786149, datacollector.dll, DataCollectionRequestHandler.ProcessRequests : Session End message received from server. Closing the connection.
TpTrace Information: 0 : 15520, 1, 2021/01/05, 13:59:23.662, 731089787180, datacollector.dll, Closing the connection !
TpTrace Information: 0 : 15520, 1, 2021/01/05, 13:59:23.662, 731089787502, datacollector.dll, DataCollectionRequestHandler.ProcessRequests : DataCollection completed
TpTrace Information: 0 : 15520, 1, 2021/01/05, 13:59:23.662, 731089787754, datacollector.dll, Program.Main: exiting datacollector process.
